25.05. 12:55:13.611  ============================================================
25.05. 12:55:13.690  -----------------------------------------------------------
25.05. 12:55:13.690  Date: 25.05. 12:55:13.623
25.05. 12:55:13.690  -----------------------------------------------------------
25.05. 12:55:13.690  System Details
25.05. 12:55:13.690  -----------------------------------------------------------
25.05. 12:55:13.690  Java VM: Sun Microsystems Inc. Version 1.6.0_0
25.05. 12:55:13.690  OS: Linux(i386) Version 2.6.27.29-170.2.78.fc10.i686
25.05. 12:55:13.690  Java Directory: /usr/lib/jvm/java-1.6.0-openjdk-1.6.0.0/jre
25.05. 12:55:13.690  Home Directory: /home/deepak
25.05. 12:55:13.690  Current Directory: /home/deepak/Download
25.05. 12:55:13.690  Locale: English (India)
25.05. 12:55:13.690  Default Character Encoding: UTF8
25.05. 12:55:13.690  -----------------------------------------------------------
25.05. 12:55:13.690  Product Details
25.05. 12:55:13.690  -----------------------------------------------------------
25.05. 12:55:13.690  SAPGUI for Java 7.20 rev 2
25.05. 12:55:13.690  Mon Apr 26 05:14:58 CEST 2010
25.05. 12:55:13.690  vml2081, 720_REL, 1154851
25.05. 12:55:13.690  (Version ID A072000040200)
25.05. 12:55:13.690  -----------------------------------------------------------
25.05. 12:55:13.690  Java system properties
25.05. 12:55:13.690  -----------------------------------------------------------
25.05. 12:55:13.690  System properties [java.util.Properties@15a8767]: 
25.05. 12:55:13.690  file.encoding.pkg: sun.io
25.05. 12:55:13.690  file.encoding: UTF-8
25.05. 12:55:13.690  file.separator: /
25.05. 12:55:13.690  java.awt.graphicsenv: sun.awt.X11GraphicsEnvironment
25.05. 12:55:13.690  java.awt.printerjob: sun.print.PSPrinterJob
25.05. 12:55:13.690  java.class.path: PlatinGUI-Linux-7.20rev2.jar
25.05. 12:55:13.690  java.class.version: 50.0
25.05. 12:55:13.690  java.endorsed.dirs: /usr/lib/jvm/java-1.6.0-openjdk-1.6.0.0/jre/lib/endorsed
25.05. 12:55:13.690  java.ext.dirs: /usr/lib/jvm/java-1.6.0-openjdk-1.6.0.0/jre/lib/ext:/usr/java/packages/lib/ext
25.05. 12:55:13.690  java.home: /usr/lib/jvm/java-1.6.0-openjdk-1.6.0.0/jre
25.05. 12:55:13.690  java.io.tmpdir: /tmp
25.05. 12:55:13.690  java.library.path: /usr/lib/jvm/java-1.6.0-openjdk-1.6.0.0/jre/lib/i386/server:/usr/lib/jvm/java-1.6.0-openjdk-1.6.0.0/jre/lib/i386:/usr/lib/jvm/java-1.6.0-openjdk-1.6.0.0/jre/../lib/i386:/usr/java/packages/lib/i386:/lib:/usr/lib
25.05. 12:55:13.690  java.runtime.name: OpenJDK Runtime Environment
25.05. 12:55:13.690  java.runtime.version: 1.6.0_0-b16
25.05. 12:55:13.690  java.specification.name: Java Platform API Specification
25.05. 12:55:13.690  java.specification.vendor: Sun Microsystems Inc.
25.05. 12:55:13.690  java.specification.version: 1.6
25.05. 12:55:13.690  java.vendor.url.bug: http://java.sun.com/cgi-bin/bugreport.cgi
25.05. 12:55:13.690  java.vendor.url: http://java.sun.com/
25.05. 12:55:13.690  java.vendor: Sun Microsystems Inc.
25.05. 12:55:13.690  java.version: 1.6.0_0
25.05. 12:55:13.690  java.vm.info: mixed mode
25.05. 12:55:13.690  java.vm.name: OpenJDK Server VM
25.05. 12:55:13.690  java.vm.specification.name: Java Virtual Machine Specification
25.05. 12:55:13.690  java.vm.specification.vendor: Sun Microsystems Inc.
25.05. 12:55:13.690  java.vm.specification.version: 1.0
25.05. 12:55:13.690  java.vm.vendor: Sun Microsystems Inc.
25.05. 12:55:13.690  java.vm.version: 14.0-b16
25.05. 12:55:13.690  line.separator: 
25.05. 12:55:13.690  os.arch: i386
25.05. 12:55:13.690  os.name: Linux
25.05. 12:55:13.690  os.version: 2.6.27.29-170.2.78.fc10.i686
25.05. 12:55:13.690  path.separator: :
25.05. 12:55:13.690  sun.arch.data.model: 32
25.05. 12:55:13.690  sun.boot.class.path: /usr/lib/jvm/java-1.6.0-openjdk-1.6.0.0/jre/lib/resources.jar:/usr/lib/jvm/java-1.6.0-openjdk-1.6.0.0/jre/lib/rt.jar:/usr/lib/jvm/java-1.6.0-openjdk-1.6.0.0/jre/lib/sunrsasign.jar:/usr/lib/jvm/java-1.6.0-openjdk-1.6.0.0/jre/lib/jsse.jar:/usr/lib/jvm/java-1.6.0-openjdk-1.6.0.0/jre/lib/jce.jar:/usr/lib/jvm/java-1.6.0-openjdk-1.6.0.0/jre/lib/charsets.jar:/usr/lib/jvm/java-1.6.0-openjdk-1.6.0.0/jre/lib/rhino.jar:/usr/lib/jvm/java-1.6.0-openjdk-1.6.0.0/jre/classes
25.05. 12:55:13.690  sun.boot.library.path: /usr/lib/jvm/java-1.6.0-openjdk-1.6.0.0/jre/lib/i386
25.05. 12:55:13.690  sun.cpu.endian: little
25.05. 12:55:13.690  sun.cpu.isalist: 
25.05. 12:55:13.690  sun.desktop: gnome
25.05. 12:55:13.690  sun.io.unicode.encoding: UnicodeLittle
25.05. 12:55:13.690  sun.java.launcher: SUN_STANDARD
25.05. 12:55:13.690  sun.jnu.encoding: UTF-8
25.05. 12:55:13.690  sun.management.compiler: HotSpot Tiered Compilers
25.05. 12:55:13.690  sun.os.patch.level: unknown
25.05. 12:55:13.690  user.country: IN
25.05. 12:55:13.690  user.dir: /home/deepak/Download
25.05. 12:55:13.690  user.home: /home/deepak
25.05. 12:55:13.690  user.language: en
25.05. 12:55:13.690  user.name: deepak
25.05. 12:55:13.690  user.timezone: Asia/Kolkata
25.05. 12:55:13.690  user.zoneinfo.dir: /usr/share/javazi
25.05. 12:55:13.690  -----------------------------------------------------------
25.05. 12:55:13.690  Environment Variables
25.05. 12:55:13.690  -----------------------------------------------------------
25.05. 12:55:13.690  TERM = xterm
25.05. 12:55:13.690  GTK_MODULES = gail:atk-bridge
25.05. 12:55:13.690  JAVA_HOME = /usr/
25.05. 12:55:13.690  SHLVL = 2
25.05. 12:55:13.690  EC2_CERT = cert-KL6EQXPISEFO2JHWQ5CSVK7KAVQOABNO.pem
25.05. 12:55:13.690  XFILESEARCHPATH = /usr/dt/app-defaults/%L/Dt
25.05. 12:55:13.690  SESSION_MANAGER = local/unix:@/tmp/.ICE-unix/3028,unix/unix:/tmp/.ICE-unix/3028
25.05. 12:55:13.690  COLORTERM = gnome-terminal
25.05. 12:55:13.690  GNOME_DESKTOP_SESSION_ID = this-is-deprecated
25.05. 12:55:13.690  MAIL = /var/spool/mail/deepak
25.05. 12:55:13.690  XDG_SESSION_COOKIE = 8cd091da9d8dfe24fbf6ef4c4a703fc4-1274762529.256302-1848239918
25.05. 12:55:13.690  GDMSESSION = gnome
25.05. 12:55:13.690  HOSTNAME = linbox
25.05. 12:55:13.690  PWD = /home/deepak/Download
25.05. 12:55:13.690  WINDOWID = 125830866
25.05. 12:55:13.690  LOGNAME = deepak
25.05. 12:55:13.690  CVS_RSH = ssh
25.05. 12:55:13.690  G_BROKEN_FILENAMES = 1
25.05. 12:55:13.690  QTDIR = /usr/lib/qt-3.3
25.05. 12:55:13.690  XMODIFIERS = @im=imsettings
25.05. 12:55:13.690  _ = /usr/bin/java
25.05. 12:55:13.690  SSH_AUTH_SOCK = /tmp/keyring-JPuJIm/ssh
25.05. 12:55:13.690  NLSPATH = /usr/dt/lib/nls/msg/%L/%N.cat
25.05. 12:55:13.690  GNOME_KEYRING_SOCKET = /tmp/keyring-JPuJIm/socket
25.05. 12:55:13.690  LD_LIBRARY_PATH = /usr/lib/jvm/java-1.6.0-openjdk-1.6.0.0/jre/lib/i386/server:/usr/lib/jvm/java-1.6.0-openjdk-1.6.0.0/jre/lib/i386:/usr/lib/jvm/java-1.6.0-openjdk-1.6.0.0/jre/../lib/i386
25.05. 12:55:13.690  OLDPWD = /home/deepak
25.05. 12:55:13.690  SHELL = /bin/bash
25.05. 12:55:13.690  DBUS_SESSION_BUS_ADDRESS = unix:abstract=/tmp/dbus-97a1tdaTd0,guid=a5a38b63526f15525d16a0534bfb5521
25.05. 12:55:13.690  HISTSIZE = 1000
25.05. 12:55:13.690  GNOME_KEYRING_PID = 3026
25.05. 12:55:13.690  GTK_RC_FILES = /etc/gtk/gtkrc:/home/deepak/.gtkrc-1.2-gnome2
25.05. 12:55:13.690  PATH = /usr/lib/qt-3.3/bin:/usr/kerberos/bin:/usr/lib/ccache:/usr/local/bin:/usr/bin:/bin:/usr/local/sbin:/usr/sbin:/sbin:/usr/local/real:/home/deepak/bin:/home/deepak/.ec2/bin:/usr/local/real
25.05. 12:55:13.690  EC2_HOME = /home/deepak/.ec2
25.05. 12:55:13.690  DESKTOP_SESSION = gnome
25.05. 12:55:13.690  QTINC = /usr/lib/qt-3.3/include
25.05. 12:55:13.690  EC2_PRIVATE_KEY = pk-KL6EQXPISEFO2JHWQ5CSVK7KAVQOABNO.pem
25.05. 12:55:13.690  DISPLAY = :0.0
25.05. 12:55:13.690  USER = deepak
25.05. 12:55:13.690  QTLIB = /usr/lib/qt-3.3/lib
25.05. 12:55:13.690  HOME = /home/deepak
25.05. 12:55:13.690  GDM_LANG = en_IN.UTF-8
25.05. 12:55:13.690  LESSOPEN = |/usr/bin/lesspipe.sh %s
25.05. 12:55:13.690  XAUTHORITY = /var/run/gdm/auth-for-deepak-jPfxw5/database
25.05. 12:55:13.690  LS_COLORS = no=00:fi=00:di=00;34:ln=00;36:pi=40;33:so=00;35:do=00;35:bd=40;33;01:cd=40;33;01:or=40;31;01:mi=01;05;37;41:su=37;41:sg=30;43:ca=30;41:tw=30;42:ow=34;42:st=37;44:ex=00;32:*.tar=00;31:*.tgz=00;31:*.svgz=00;31:*.arj=00;31:*.taz=00;31:*.lzh=00;31:*.lzma=00;31:*.zip=00;31:*.z=00;31:*.Z=00;31:*.dz=00;31:*.gz=00;31:*.bz2=00;31:*.tbz2=00;31:*.bz=00;31:*.tz=00;31:*.deb=00;31:*.rpm=00;31:*.jar=00;31:*.rar=00;31:*.ace=00;31:*.zoo=00;31:*.cpio=00;31:*.7z=00;31:*.rz=00;31:*.jpg=00;35:*.jpeg=00;35:*.gif=00;35:*.bmp=00;35:*.pbm=00;35:*.pgm=00;35:*.ppm=00;35:*.tga=00;35:*.xbm=00;35:*.xpm=00;35:*.tif=00;35:*.tiff=00;35:*.png=00;35:*.mng=00;35:*.pcx=00;35:*.mov=00;35:*.mpg=00;35:*.mpeg=00;35:*.m2v=00;35:*.mkv=00;35:*.ogm=00;35:*.mp4=00;35:*.m4v=00;35:*.mp4v=00;35:*.vob=00;35:*.qt=00;35:*.nuv=00;35:*.wmv=00;35:*.asf=00;35:*.rm=00;35:*.rmvb=00;35:*.flc=00;35:*.avi=00;35:*.fli=00;35:*.gl=00;35:*.dl=00;35:*.xcf=00;35:*.xwd=00;35:*.yuv=00;35:*.svg=00;35:*.aac=00;36:*.au=00;36:*.flac=00;36:*.mid=00;36:*.midi=00;36:*.mka=00;36:*.mp3=00;36:*.mpc=00;36:*.ogg=00;36:*.ra=00;36:*.wav=00;36:
25.05. 12:55:13.690  USERNAME = deepak
25.05. 12:55:13.690  ORBIT_SOCKETDIR = /tmp/orbit-deepak
25.05. 12:55:13.690  LANG = en_IN.UTF-8
25.05. 12:55:13.690  SSH_ASKPASS = /usr/libexec/openssh/gnome-ssh-askpass
25 May, 2010 12:55:15 PM com.sun.corba.se.impl.ior.IORImpl getProfile
WARNING: "IOP00511201: (INV_OBJREF) IOR must have at least one IIOP profile"
org.omg.CORBA.INV_OBJREF:   vmcid: SUN  minor code: 1201  completed: No
	at com.sun.corba.se.impl.logging.IORSystemException.iorMustHaveIiopProfile(IORSystemException.java:473)
	at com.sun.corba.se.impl.logging.IORSystemException.iorMustHaveIiopProfile(IORSystemException.java:495)
	at com.sun.corba.se.impl.ior.IORImpl.getProfile(IORImpl.java:334)
	at com.sun.corba.se.impl.encoding.CDRInputStream_1_0.read_Object(CDRInputStream_1_0.java:787)
	at com.sun.corba.se.impl.encoding.CDRInputStream_1_0.read_Object(CDRInputStream_1_0.java:761)
	at com.sun.corba.se.impl.encoding.CDRInputStream.read_Object(CDRInputStream.java:231)
	at com.sun.corba.se.impl.resolver.INSURLOperationImpl.getIORFromString(INSURLOperationImpl.java:120)
	at com.sun.corba.se.impl.resolver.INSURLOperationImpl.operate(INSURLOperationImpl.java:130)
	at com.sun.corba.se.impl.orb.ORBImpl.string_to_object(ORBImpl.java:836)
	at org.GNOME.Accessibility.AccessUtil.getRegistryObject(AccessUtil.java:143)
	at org.GNOME.Accessibility.JavaBridge.registerApplication(JavaBridge.java:1099)
	at org.GNOME.Accessibility.JavaBridge.<init>(JavaBridge.java:364)
	at sun.reflect.NativeConstructorAccessorImpl.newInstance0(Native Method)
	at sun.reflect.NativeConstructorAccessorImpl.newInstance(NativeConstructorAccessorImpl.java:57)
	at sun.reflect.DelegatingConstructorAccessorImpl.newInstance(DelegatingConstructorAccessorImpl.java:45)
	at java.lang.reflect.Constructor.newInstance(Constructor.java:532)
	at java.lang.Class.newInstance0(Class.java:372)
	at java.lang.Class.newInstance(Class.java:325)
	at java.awt.Toolkit.loadAssistiveTechnologies(Toolkit.java:786)
	at java.awt.Toolkit.getDefaultToolkit(Toolkit.java:875)
	at java.awt.Window.getToolkit(Window.java:1170)
	at java.awt.Window.init(Window.java:400)
	at java.awt.Window.<init>(Window.java:438)
	at java.awt.Frame.<init>(Frame.java:419)
	at java.awt.Frame.<init>(Frame.java:384)
	at javax.swing.SwingUtilities$SharedOwnerFrame.<init>(SwingUtilities.java:1752)
	at javax.swing.SwingUtilities.getSharedOwnerFrame(SwingUtilities.java:1829)
	at javax.swing.JDialog.<init>(JDialog.java:322)
	at com.sap.platin.micro.WelcomeDialog.<init>(WelcomeDialog.java:43)
	at com.sap.platin.micro.Microkernel.installImpl(Microkernel.java:1460)
	at com.sap.platin.micro.Microkernel.install(Microkernel.java:1253)
	at com.sap.platin.micro.Microkernel.main(Microkernel.java:2414)
25.05. 12:55:23.821  -----------------------------------------------------------
25.05. 12:55:23.821  Install SAPGUI for Java 7.20 rev 2
25.05. 12:55:23.821  -----------------------------------------------------------
25.05. 12:55:23.821  Effective installation parameters:
25.05. 12:55:23.822  -----------------------------------------------------------
25.05. 12:55:23.822     Command                   : 1
25.05. 12:55:23.822     Installation codebase     : jar:file:/home/deepak/Download/PlatinGUI-Linux-7.20rev2.jar!/
25.05. 12:55:23.822     Installation JNLP file    : platin.jnlp
25.05. 12:55:23.822     Installation path         : /home/deepak/SAPClients
25.05. 12:55:23.822     Installation w/o gui      : false
25.05. 12:55:23.823     Silent installation       : false
25.05. 12:55:23.823     Automatic reinstall       : false
25.05. 12:55:23.823     Register application      : false
25.05. 12:55:23.823     Don't create shortcuts    : false
25.05. 12:55:23.823     Installation root         : null
25.05. 12:55:23.824  -----------------------------------------------------------
25.05. 12:55:23.824  JNLP File Summary
25.05. 12:55:23.824  -----------------------------------------------------------
25.05. 12:55:23.824  Name            : platin.jnlp
25.05. 12:55:23.824  Codebase        : jar:file:/home/deepak/Download/PlatinGUI-Linux-7.20rev2.jar!/
25.05. 12:55:23.824  Specification   : 0.2
25.05. 12:55:23.824  Version         : SAPGUI for Java 7.20 rev 2
25.05. 12:55:23.824  req. JRE Version: 1.5
25.05. 12:55:23.824  -----------------------------------------------------------
25.05. 12:55:23.824  Resource Summary
25.05. 12:55:23.824  -----------------------------------------------------------
25.05. 12:55:23.824  Resource   : GuiStartS.jar
25.05. 12:55:23.824     Version : 072000040200
25.05. 12:55:23.824     Platform: all
25.05. 12:55:23.824     Native  : false
25.05. 12:55:23.824     Optional: false
25.05. 12:55:23.824     Build   : <no build info>
25.05. 12:55:23.824  Resource   : IceBrowserS.jar
25.05. 12:55:23.824     Version : 072000040200
25.05. 12:55:23.824     Platform: all
25.05. 12:55:23.824     Native  : false
25.05. 12:55:23.824     Optional: false
25.05. 12:55:23.824     Build   : <no build info>
25.05. 12:55:23.824  Resource   : JNetBeanS.jar
25.05. 12:55:23.824     Version : 072000040200
25.05. 12:55:23.824     Platform: all
25.05. 12:55:23.824     Native  : false
25.05. 12:55:23.824     Optional: false
25.05. 12:55:23.824     Build   : <no build info>
25.05. 12:55:23.824  Resource   : JSEngineS.jar
25.05. 12:55:23.824     Version : 072000040200
25.05. 12:55:23.824     Platform: all
25.05. 12:55:23.824     Native  : false
25.05. 12:55:23.824     Optional: false
25.05. 12:55:23.824     Build   : <no build info>
25.05. 12:55:23.824  Resource   : Linux-Connect.jar
25.05. 12:55:23.824     Version : 072000040200
25.05. 12:55:23.824     Platform: LINUX
25.05. 12:55:23.824     Native  : true
25.05. 12:55:23.824     Optional: false
25.05. 12:55:23.824     Build   : <no build info>
25.05. 12:55:23.824  Resource   : Linux-gmux.jar
25.05. 12:55:23.824     Version : 072000040200
25.05. 12:55:23.824     Platform: LINUX
25.05. 12:55:23.824     Native  : true
25.05. 12:55:23.824     Optional: true
25.05. 12:55:23.824     Build   : <no build info>
25.05. 12:55:23.824  Resource   : Linux-graphics.jar
25.05. 12:55:23.824     Version : 072000040200
25.05. 12:55:23.824     Platform: LINUX
25.05. 12:55:23.824     Native  : true
25.05. 12:55:23.824     Optional: true
25.05. 12:55:23.824     Build   : <no build info>
25.05. 12:55:23.824  Resource   : Linux-lib.jar
25.05. 12:55:23.824     Version : 072000040200
25.05. 12:55:23.824     Platform: LINUX
25.05. 12:55:23.824     Native  : true
25.05. 12:55:23.824     Optional: false
25.05. 12:55:23.824     Build   : <no build info>
25.05. 12:55:23.824  Resource   : Linux64-lib.jar
25.05. 12:55:23.824     Version : 072000040200
25.05. 12:55:23.824     Platform: LINUX
25.05. 12:55:23.824     Native  : true
25.05. 12:55:23.824     Optional: true
25.05. 12:55:23.824     Build   : <no build info>
25.05. 12:55:23.824  Resource   : Manual.jar
25.05. 12:55:23.824     Version : 072000040200
25.05. 12:55:23.824     Platform: all
25.05. 12:55:23.824     Native  : true
25.05. 12:55:23.824     Optional: false
25.05. 12:55:23.824     Build   : <no build info>
25.05. 12:55:23.824  Resource   : SapCacerts.jar
25.05. 12:55:23.824     Version : 072000040200
25.05. 12:55:23.824     Platform: all
25.05. 12:55:23.824     Native  : true
25.05. 12:55:23.824     Optional: false
25.05. 12:55:23.824     Build   : <no build info>
25.05. 12:55:23.824  Resource   : Unix-localstart.jar
25.05. 12:55:23.824     Version : 072000040200
25.05. 12:55:23.824     Platform: LINUX
25.05. 12:55:23.824     Native  : true
25.05. 12:55:23.824     Optional: false
25.05. 12:55:23.824     Build   : <no build info>
25.05. 12:55:23.824  Resource   : externalCommunicationS.jar
25.05. 12:55:23.824     Version : 072000040200
25.05. 12:55:23.824     Platform: all
25.05. 12:55:23.824     Native  : false
25.05. 12:55:23.824     Optional: false
25.05. 12:55:23.824     Build   : <no build info>
25.05. 12:55:23.824  Resource   : iCubeS.jar
25.05. 12:55:23.824     Version : 072000040200
25.05. 12:55:23.824     Platform: all
25.05. 12:55:23.824     Native  : false
25.05. 12:55:23.824     Optional: false
25.05. 12:55:23.824     Build   : <no build info>
25.05. 12:55:23.824  Resource   : platincoreS.jar
25.05. 12:55:23.824     Version : 072000040200
25.05. 12:55:23.824     Platform: all
25.05. 12:55:23.824     Native  : false
25.05. 12:55:23.824     Optional: false
25.05. 12:55:23.824     Build   : <no build info>
25.05. 12:55:23.824  Resource   : platinr3S.jar
25.05. 12:55:23.824     Version : 072000040200
25.05. 12:55:23.824     Platform: all
25.05. 12:55:23.824     Native  : false
25.05. 12:55:23.824     Optional: false
25.05. 12:55:23.824     Build   : <no build info>
25.05. 12:55:23.824  Resource   : platinwdpS.jar
25.05. 12:55:23.824     Version : 072000040200
25.05. 12:55:23.824     Platform: all
25.05. 12:55:23.824     Native  : false
25.05. 12:55:23.824     Optional: false
25.05. 12:55:23.824     Build   : <no build info>
25.05. 12:55:23.824  Resource   : sapCalendarS.jar
25.05. 12:55:23.824     Version : 072000040200
25.05. 12:55:23.824     Platform: all
25.05. 12:55:23.824     Native  : false
25.05. 12:55:23.824     Optional: false
25.05. 12:55:23.824     Build   : <no build info>
25.05. 12:55:23.824  Resource   : sapChartS.jar
25.05. 12:55:23.824     Version : 072000040200
25.05. 12:55:23.824     Platform: all
25.05. 12:55:23.824     Native  : false
25.05. 12:55:23.824     Optional: false
25.05. 12:55:23.824     Build   : <no build info>
25.05. 12:55:23.824  Resource   : sapContextMenuS.jar
25.05. 12:55:23.824     Version : 072000040200
25.05. 12:55:23.824     Platform: all
25.05. 12:55:23.824     Native  : false
25.05. 12:55:23.824     Optional: false
25.05. 12:55:23.824     Build   : <no build info>
25.05. 12:55:23.824  Resource   : sapGridS.jar
25.05. 12:55:23.824     Version : 072000040200
25.05. 12:55:23.824     Platform: all
25.05. 12:55:23.824     Native  : false
25.05. 12:55:23.824     Optional: false
25.05. 12:55:23.824     Build   : <no build info>
25.05. 12:55:23.824  Resource   : sapHtmlViewerCoreS.jar
25.05. 12:55:23.824     Version : 072000040200
25.05. 12:55:23.824     Platform: all
25.05. 12:55:23.824     Native  : false
25.05. 12:55:23.824     Optional: false
25.05. 12:55:23.824     Build   : <no build info>
25.05. 12:55:23.824  Resource   : sapHtmlViewerS.jar
25.05. 12:55:23.824     Version : 072000040200
25.05. 12:55:23.824     Platform: all
25.05. 12:55:23.824     Native  : false
25.05. 12:55:23.824     Optional: false
25.05. 12:55:23.824     Build   : <no build info>
25.05. 12:55:23.824  Resource   : sapImageS.jar
25.05. 12:55:23.824     Version : 072000040200
25.05. 12:55:23.824     Platform: all
25.05. 12:55:23.824     Native  : false
25.05. 12:55:23.824     Optional: false
25.05. 12:55:23.824     Build   : <no build info>
25.05. 12:55:23.824  Resource   : sapJnetS.jar
25.05. 12:55:23.824     Version : 072000040200
25.05. 12:55:23.824     Platform: all
25.05. 12:55:23.824     Native  : false
25.05. 12:55:23.824     Optional: false
25.05. 12:55:23.824     Build   : <no build info>
25.05. 12:55:23.824  Resource   : sapTextEditS.jar
25.05. 12:55:23.824     Version : 072000040200
25.05. 12:55:23.824     Platform: all
25.05. 12:55:23.824     Native  : false
25.05. 12:55:23.824     Optional: false
25.05. 12:55:23.824     Build   : <no build info>
25.05. 12:55:23.824  Resource   : sapToolBarS.jar
25.05. 12:55:23.824     Version : 072000040200
25.05. 12:55:23.824     Platform: all
25.05. 12:55:23.824     Native  : false
25.05. 12:55:23.824     Optional: false
25.05. 12:55:23.824     Build   : <no build info>
25.05. 12:55:23.824  Resource   : sapTreeS.jar
25.05. 12:55:23.824     Version : 072000040200
25.05. 12:55:23.824     Platform: all
25.05. 12:55:23.824     Native  : false
25.05. 12:55:23.824     Optional: false
25.05. 12:55:23.824     Build   : <no build info>
25.05. 12:55:23.824  Resource   : templates.jar
25.05. 12:55:23.824     Version : 072000040200
25.05. 12:55:23.824     Platform: all
25.05. 12:55:23.824     Native  : true
25.05. 12:55:23.824     Optional: true
25.05. 12:55:23.824     Build   : <no build info>
25.05. 12:55:23.832  Loading resources from jar:file:/home/deepak/Download/PlatinGUI-Linux-7.20rev2.jar!/
25.05. 12:55:23.833     Load resource : GuiStartS.jar
25.05. 12:55:23.947     Load resource : IceBrowserS.jar
25.05. 12:55:24.017     Load resource : JNetBeanS.jar
25.05. 12:55:24.125     Load resource : JSEngineS.jar
25.05. 12:55:24.132     Load native resource : Linux-Connect.jar
25.05. 12:55:24.136     Unpack native resource: /home/deepak/SAPClients/SAPGUI7.20rev2/GuiUpdate/Download/jar/Linux-Connect.jar
25.05. 12:55:24.157     Load native optional resource : Linux-gmux.jar
25.05. 12:55:24.158        no external package for optional resource : /home/deepak/Download/Linux-gmux.jar
25.05. 12:55:24.158        load optional resource failed
25.05. 12:55:24.158        java.io.FileNotFoundException: JAR entry Linux-gmux.jar not found in /home/deepak/Download/PlatinGUI-Linux-7.20rev2.jar
25.05. 12:55:24.158     Load native optional resource : Linux-graphics.jar
25.05. 12:55:24.158        no external package for optional resource : /home/deepak/Download/Linux-graphics.jar
25.05. 12:55:24.158        load optional resource failed
25.05. 12:55:24.158        java.io.FileNotFoundException: JAR entry Linux-graphics.jar not found in /home/deepak/Download/PlatinGUI-Linux-7.20rev2.jar
25.05. 12:55:24.158     Load native resource : Linux-lib.jar
25.05. 12:55:24.239     Unpack native resource: /home/deepak/SAPClients/SAPGUI7.20rev2/GuiUpdate/Download/jar/Linux-lib.jar
25.05. 12:55:24.488     Load native optional resource : Linux64-lib.jar
25.05. 12:55:24.488        no external package for optional resource : /home/deepak/Download/Linux64-lib.jar
25.05. 12:55:24.519     Unpack native resource: /home/deepak/SAPClients/SAPGUI7.20rev2/GuiUpdate/Download/jar/Linux64-lib.jar
25.05. 12:55:24.596     Load native resource : Manual.jar
25.05. 12:55:24.602     Unpack native resource: /home/deepak/SAPClients/SAPGUI7.20rev2/GuiUpdate/Download/jar/Manual.jar
25.05. 12:55:24.620     Load native resource : SapCacerts.jar
25.05. 12:55:24.625     Unpack native resource: /home/deepak/SAPClients/SAPGUI7.20rev2/GuiUpdate/Download/jar/SapCacerts.jar
25.05. 12:55:24.626     Load native resource : Unix-localstart.jar
25.05. 12:55:24.631     Unpack native resource: /home/deepak/SAPClients/SAPGUI7.20rev2/GuiUpdate/Download/jar/Unix-localstart.jar
25.05. 12:55:24.637     Load resource : externalCommunicationS.jar
25.05. 12:55:24.641     Load resource : iCubeS.jar
25.05. 12:55:24.662     Load resource : platincoreS.jar
25.05. 12:55:24.744     Load resource : platinr3S.jar
25.05. 12:55:24.773     Load resource : platinwdpS.jar
25.05. 12:55:24.821     Load resource : sapCalendarS.jar
25.05. 12:55:24.833     Load resource : sapChartS.jar
25.05. 12:55:24.836     Load resource : sapContextMenuS.jar
25.05. 12:55:24.837     Load resource : sapGridS.jar
25.05. 12:55:24.840     Load resource : sapHtmlViewerCoreS.jar
25.05. 12:55:24.843     Load resource : sapHtmlViewerS.jar
25.05. 12:55:24.845     Load resource : sapImageS.jar
25.05. 12:55:24.846     Load resource : sapJnetS.jar
25.05. 12:55:24.848     Load resource : sapTextEditS.jar
25.05. 12:55:24.852     Load resource : sapToolBarS.jar
25.05. 12:55:24.855     Load resource : sapTreeS.jar
25.05. 12:55:24.859     Load native optional resource : templates.jar
25.05. 12:55:24.859        no external package for optional resource : /home/deepak/Download/templates.jar
25.05. 12:55:24.859        load optional resource failed
25.05. 12:55:24.859        java.io.FileNotFoundException: JAR entry templates.jar not found in /home/deepak/Download/PlatinGUI-Linux-7.20rev2.jar
25.05. 12:55:25.913  ----- Success ---------------------------------------------------------------
25.05. 12:55:25.913  Installation of SAPGUI 7.20 rev 2 completed sucessfully.
25.05. 12:55:25.913  -----------------------------------------------------------------------------
25.05. 12:55:29.490  ============================================================
